{"devicePlatform":"","logFolder":"C:\\Users\\kam\\Katalon Studio\\WebAutomation\\Reports\\ts1\\20180526_003126","runData":{"hostName":"kam - LK-KAM.codehousegroup.local","os":"Windows 10 64bit","katalonVersion":"5.3.1.1","browser":"Chrome 66.0.3359.181","hostAddress":"10.173.108.29","sessionId":"a37b25585fd1a25fefda0d27c236d766","seleniumVersion":"3.7.1","proxyInformation":"ProxyInformation{proxyOption\u003dNO_PROXY, proxyServerType\u003dHTTP, password\u003d, proxyServerAddress\u003d, proxyServerPort\u003d0}","platform":"Windows 10"},"type":"TEST_SUITE","name":"ts1","id":"Test Suites/ts1","source":"","message":"Test Cases/GoogleSearch FAILED because (of) Unable to click on object \u0027Object Repository/Search Button\u0027 (Root cause: org.openqa.selenium.WebDriverException: unknown error: Element \u003cinput value\u003d\"Google Search\" aria-label\u003d\"Google Search\" name\u003d\"btnK\" type\u003d\"submit\" jsaction\u003d\"sf.chk\"\u003e is not clickable at point (441, 411). Other element would receive the click: \u003cb\u003e...\u003c/b\u003e\n  (Session info: chrome\u003d66.0.3359.181)\n  (Driver info: chromedriver\u003d2.38.551601 (edb21f07fc70e9027c746edd3201443e011a61ed),platform\u003dWindows NT 10.0.16299 x86_64) (WARNING: The server did not provide any stacktrace information)\nCommand duration or timeout: 0 milliseconds\nBuild info: version: \u00273.7.1\u0027, revision: \u00278a0099a\u0027, time: \u00272017-11-06T21:07:36.161Z\u0027\nSystem info: host: \u0027LK-KAM\u0027, ip: \u002710.173.108.29\u0027, os.name: \u0027Windows 10\u0027, os.arch: \u0027amd64\u0027, os.version: \u002710.0\u0027, java.version: \u00271.8.0_102\u0027\nDriver info: com.kms.katalon.core.webui.driver.ExistingRemoteWebDriver\nCapabilities {javascriptEnabled: true, platform: ANY, platformName: ANY}\nSession ID: a37b25585fd1a25fefda0d27c236d766)","description":"","startTime":1527274887528,"endTime":1527274890271,"childRecords":[{"isOptional":false,"type":"TEST_CASE","name":"Test Cases/GoogleSearch","id":"Test Cases/GoogleSearch","source":"C:\\\\Users\\\\kam\\\\Katalon Studio\\\\WebAutomation\\\\Test Cases\\\\GoogleSearch.tc","message":"Test Cases/GoogleSearch FAILED because (of) Unable to click on object \u0027Object Repository/Search Button\u0027 (Root cause: org.openqa.selenium.WebDriverException: unknown error: Element \u003cinput value\u003d\"Google Search\" aria-label\u003d\"Google Search\" name\u003d\"btnK\" type\u003d\"submit\" jsaction\u003d\"sf.chk\"\u003e is not clickable at point (441, 411). Other element would receive the click: \u003cb\u003e...\u003c/b\u003e\n  (Session info: chrome\u003d66.0.3359.181)\n  (Driver info: chromedriver\u003d2.38.551601 (edb21f07fc70e9027c746edd3201443e011a61ed),platform\u003dWindows NT 10.0.16299 x86_64) (WARNING: The server did not provide any stacktrace information)\nCommand duration or timeout: 0 milliseconds\nBuild info: version: \u00273.7.1\u0027, revision: \u00278a0099a\u0027, time: \u00272017-11-06T21:07:36.161Z\u0027\nSystem info: host: \u0027LK-KAM\u0027, ip: \u002710.173.108.29\u0027, os.name: \u0027Windows 10\u0027, os.arch: \u0027amd64\u0027, os.version: \u002710.0\u0027, java.version: \u00271.8.0_102\u0027\nDriver info: com.kms.katalon.core.webui.driver.ExistingRemoteWebDriver\nCapabilities {javascriptEnabled: true, platform: ANY, platformName: ANY}\nSession ID: a37b25585fd1a25fefda0d27c236d766)","description":"","startTime":1527274887793,"endTime":1527274890174,"childRecords":[{"testStatus":{"stackTrace":"","statusValue":"INFO"},"type":"MESSAGE","name":"","message":"Evaluating variables for test case","startTime":1527274887818,"endTime":0,"childRecords":[],"interuppted":false},{"index":1,"isIgnoredIfFailed":false,"type":"TEST_STEP","name":"openBrowser","message":"Browser is opened with url: \u0027http://www.google.lk\u0027","description":"","startTime":1527274888145,"endTime":1527274889460,"childRecords":[{"testStatus":{"stackTrace":"","statusValue":"PASSED"},"type":"MESSAGE","name":"","message":"Browser is opened with url: \u0027http://www.google.lk\u0027","startTime":1527274889460,"endTime":0,"childRecords":[],"interuppted":false}],"interuppted":false},{"index":2,"isIgnoredIfFailed":false,"type":"TEST_STEP","name":"setText","message":"Text \u0027Katalon Studio\u0027 is set on object \u0027Object Repository/GoogleSearch\u0027","description":"","startTime":1527274889461,"endTime":1527274889714,"childRecords":[{"testStatus":{"stackTrace":"","statusValue":"PASSED"},"type":"MESSAGE","name":"","message":"Text \u0027Katalon Studio\u0027 is set on object \u0027Object Repository/GoogleSearch\u0027","startTime":1527274889713,"endTime":0,"childRecords":[],"interuppted":false}],"interuppted":false},{"attachment":"1527274889870.png","index":3,"isIgnoredIfFailed":false,"type":"TEST_STEP","name":"click","message":"Unable to click on object \u0027Object Repository/Search Button\u0027 (Root cause: org.openqa.selenium.WebDriverException: unknown error: Element \u003cinput value\u003d\"Google Search\" aria-label\u003d\"Google Search\" name\u003d\"btnK\" type\u003d\"submit\" jsaction\u003d\"sf.chk\"\u003e is not clickable at point (441, 411). Other element would receive the click: \u003cb\u003e...\u003c/b\u003e\n  (Session info: chrome\u003d66.0.3359.181)\n  (Driver info: chromedriver\u003d2.38.551601 (edb21f07fc70e9027c746edd3201443e011a61ed),platform\u003dWindows NT 10.0.16299 x86_64) (WARNING: The server did not provide any stacktrace information)\nCommand duration or timeout: 0 milliseconds\nBuild info: version: \u00273.7.1\u0027, revision: \u00278a0099a\u0027, time: \u00272017-11-06T21:07:36.161Z\u0027\nSystem info: host: \u0027LK-KAM\u0027, ip: \u002710.173.108.29\u0027, os.name: \u0027Windows 10\u0027, os.arch: \u0027amd64\u0027, os.version: \u002710.0\u0027, java.version: \u00271.8.0_102\u0027\nDriver info: com.kms.katalon.core.webui.driver.ExistingRemoteWebDriver\nCapabilities {javascriptEnabled: true, platform: ANY, platformName: ANY}\nSession ID: a37b25585fd1a25fefda0d27c236d766)","description":"","startTime":1527274889714,"endTime":1527274890170,"childRecords":[{"testStatus":{"stackTrace":"","statusValue":"FAILED"},"attachment":"1527274889870.png","type":"MESSAGE","name":"","message":"Unable to click on object \u0027Object Repository/Search Button\u0027 (Root cause: org.openqa.selenium.WebDriverException: unknown error: Element \u003cinput value\u003d\"Google Search\" aria-label\u003d\"Google Search\" name\u003d\"btnK\" type\u003d\"submit\" jsaction\u003d\"sf.chk\"\u003e is not clickable at point (441, 411). Other element would receive the click: \u003cb\u003e...\u003c/b\u003e\n  (Session info: chrome\u003d66.0.3359.181)\n  (Driver info: chromedriver\u003d2.38.551601 (edb21f07fc70e9027c746edd3201443e011a61ed),platform\u003dWindows NT 10.0.16299 x86_64) (WARNING: The server did not provide any stacktrace information)\nCommand duration or timeout: 0 milliseconds\nBuild info: version: \u00273.7.1\u0027, revision: \u00278a0099a\u0027, time: \u00272017-11-06T21:07:36.161Z\u0027\nSystem info: host: \u0027LK-KAM\u0027, ip: \u002710.173.108.29\u0027, os.name: \u0027Windows 10\u0027, os.arch: \u0027amd64\u0027, os.version: \u002710.0\u0027, java.version: \u00271.8.0_102\u0027\nDriver info: com.kms.katalon.core.webui.driver.ExistingRemoteWebDriver\nCapabilities {javascriptEnabled: true, platform: ANY, platformName: ANY}\nSession ID: a37b25585fd1a25fefda0d27c236d766)","startTime":1527274890169,"endTime":0,"childRecords":[],"interuppted":false}],"interuppted":false},{"testStatus":{"stackTrace":"","statusValue":"FAILED"},"type":"MESSAGE","name":"","message":"Test Cases/GoogleSearch FAILED because (of) Unable to click on object \u0027Object Repository/Search Button\u0027 (Root cause: org.openqa.selenium.WebDriverException: unknown error: Element \u003cinput value\u003d\"Google Search\" aria-label\u003d\"Google Search\" name\u003d\"btnK\" type\u003d\"submit\" jsaction\u003d\"sf.chk\"\u003e is not clickable at point (441, 411). Other element would receive the click: \u003cb\u003e...\u003c/b\u003e\n  (Session info: chrome\u003d66.0.3359.181)\n  (Driver info: chromedriver\u003d2.38.551601 (edb21f07fc70e9027c746edd3201443e011a61ed),platform\u003dWindows NT 10.0.16299 x86_64) (WARNING: The server did not provide any stacktrace information)\nCommand duration or timeout: 0 milliseconds\nBuild info: version: \u00273.7.1\u0027, revision: \u00278a0099a\u0027, time: \u00272017-11-06T21:07:36.161Z\u0027\nSystem info: host: \u0027LK-KAM\u0027, ip: \u002710.173.108.29\u0027, os.name: \u0027Windows 10\u0027, os.arch: \u0027amd64\u0027, os.version: \u002710.0\u0027, java.version: \u00271.8.0_102\u0027\nDriver info: com.kms.katalon.core.webui.driver.ExistingRemoteWebDriver\nCapabilities {javascriptEnabled: true, platform: ANY, platformName: ANY}\nSession ID: a37b25585fd1a25fefda0d27c236d766)","startTime":1527274890171,"endTime":0,"childRecords":[],"interuppted":false}],"interuppted":false}],"interuppted":false}