<?xml version="1.0" encoding="UTF-8"?>
<testsuites name="ts1" time="2" tests="0" failures="1" errors="0">
   <testsuite name="ts1" tests="0" failures="1" errors="0" time="2" timestamp="2018-05-26 00:31:27" hostname="kam - LK-KAM.codehousegroup.local" id="Test Suites/ts1">
      <properties>
         <property name="deviceName" value=""/>
         <property name="devicePlatform" value=""/>
         <property name="logFolder" value="C:\\Users\\kam\\Katalon Studio\\WebAutomation\\Reports\\ts1\\20180526_003126"/>
         <property name="logFiles" value="C:\\Users\\kam\\Katalon Studio\\WebAutomation\\Reports\\ts1\\20180526_003126\\execution0.log"/>
         <property name="attachments" value="C:\\Users\\kam\\Katalon Studio\\WebAutomation\\Reports\\ts1\\20180526_003126\\1527274889870.png"/>
         <property name="hostName" value="kam - LK-KAM.codehousegroup.local"/>
         <property name="os" value="Windows 10 64bit"/>
         <property name="katalonVersion" value="5.3.1.1"/>
         <property name="browser" value="Chrome 66.0.3359.181"/>
         <property name="hostAddress" value="10.173.108.29"/>
         <property name="sessionId" value="a37b25585fd1a25fefda0d27c236d766"/>
         <property name="seleniumVersion" value="3.7.1"/>
         <property name="proxyInformation" value="ProxyInformation{proxyOption=NO_PROXY, proxyServerType=HTTP, password=, proxyServerAddress=, proxyServerPort=0}"/>
         <property name="platform" value="Windows 10"/>
      </properties>
      <testcase name="Test Cases/GoogleSearch" classname="Test Cases/GoogleSearch" status="FAILED">
         <failure type="FAILED" message="Unable to click on object 'Object Repository/Search Button' (Root cause: org.openqa.selenium.WebDriverException: unknown error: Element &lt;input value=&quot;Google Search&quot; aria-label=&quot;Google Search&quot; name=&quot;btnK&quot; type=&quot;submit&quot; jsaction=&quot;sf.chk&quot;> is not clickable at point (441, 411). Other element would receive the click: &lt;b>...&lt;/b>
  (Session info: chrome=66.0.3359.181)
  (Driver info: chromedriver=2.38.551601 (edb21f07fc70e9027c746edd3201443e011a61ed),platform=Windows NT 10.0.16299 x86_64) (WARNING: The server did not provide any stacktrace information)
Command duration or timeout: 0 milliseconds
Build info: version: '3.7.1', revision: '8a0099a', time: '2017-11-06T21:07:36.161Z'
System info: host: 'LK-KAM', ip: '10.173.108.29', os.name: 'Windows 10', os.arch: 'amd64', os.version: '10.0', java.version: '1.8.0_102'
Driver info: com.kms.katalon.core.webui.driver.ExistingRemoteWebDriver
Capabilities {javascriptEnabled: true, platform: ANY, platformName: ANY}
Session ID: a37b25585fd1a25fefda0d27c236d766)"/>
         <system-out><![CDATA[2018-05-26 00:31:27 - [TEST_CASE][FAILED] - Test Cases/GoogleSearch: Test Cases/GoogleSearch FAILED because (of) Unable to click on object 'Object Repository/Search Button' (Root cause: org.openqa.selenium.WebDriverException: unknown error: Element <input value="Google Search" aria-label="Google Search" name="btnK" type="submit" jsaction="sf.chk"> is not clickable at point (441, 411). Other element would receive the click: <b>...</b>
  (Session info: chrome=66.0.3359.181)
  (Driver info: chromedriver=2.38.551601 (edb21f07fc70e9027c746edd3201443e011a61ed),platform=Windows NT 10.0.16299 x86_64) (WARNING: The server did not provide any stacktrace information)
Command duration or timeout: 0 milliseconds
Build info: version: '3.7.1', revision: '8a0099a', time: '2017-11-06T21:07:36.161Z'
System info: host: 'LK-KAM', ip: '10.173.108.29', os.name: 'Windows 10', os.arch: 'amd64', os.version: '10.0', java.version: '1.8.0_102'
Driver info: com.kms.katalon.core.webui.driver.ExistingRemoteWebDriver
Capabilities {javascriptEnabled: true, platform: ANY, platformName: ANY}
Session ID: a37b25585fd1a25fefda0d27c236d766)

2018-05-26 00:31:28 - [TEST_STEP][PASSED] - openBrowser: Browser is opened with url: 'http://www.google.lk'

2018-05-26 00:31:29 - [MESSAGE][PASSED] - Browser is opened with url: 'http://www.google.lk'

2018-05-26 00:31:29 - [TEST_STEP][PASSED] - setText: Text 'Katalon Studio' is set on object 'Object Repository/GoogleSearch'

2018-05-26 00:31:29 - [MESSAGE][PASSED] - Text 'Katalon Studio' is set on object 'Object Repository/GoogleSearch'

2018-05-26 00:31:29 - [TEST_STEP][FAILED] - click: Unable to click on object 'Object Repository/Search Button' (Root cause: org.openqa.selenium.WebDriverException: unknown error: Element <input value="Google Search" aria-label="Google Search" name="btnK" type="submit" jsaction="sf.chk"> is not clickable at point (441, 411). Other element would receive the click: <b>...</b>
  (Session info: chrome=66.0.3359.181)
  (Driver info: chromedriver=2.38.551601 (edb21f07fc70e9027c746edd3201443e011a61ed),platform=Windows NT 10.0.16299 x86_64) (WARNING: The server did not provide any stacktrace information)
Command duration or timeout: 0 milliseconds
Build info: version: '3.7.1', revision: '8a0099a', time: '2017-11-06T21:07:36.161Z'
System info: host: 'LK-KAM', ip: '10.173.108.29', os.name: 'Windows 10', os.arch: 'amd64', os.version: '10.0', java.version: '1.8.0_102'
Driver info: com.kms.katalon.core.webui.driver.ExistingRemoteWebDriver
Capabilities {javascriptEnabled: true, platform: ANY, platformName: ANY}
Session ID: a37b25585fd1a25fefda0d27c236d766)

2018-05-26 00:31:30 - [MESSAGE][FAILED] - Unable to click on object 'Object Repository/Search Button' (Root cause: org.openqa.selenium.WebDriverException: unknown error: Element <input value="Google Search" aria-label="Google Search" name="btnK" type="submit" jsaction="sf.chk"> is not clickable at point (441, 411). Other element would receive the click: <b>...</b>
  (Session info: chrome=66.0.3359.181)
  (Driver info: chromedriver=2.38.551601 (edb21f07fc70e9027c746edd3201443e011a61ed),platform=Windows NT 10.0.16299 x86_64) (WARNING: The server did not provide any stacktrace information)
Command duration or timeout: 0 milliseconds
Build info: version: '3.7.1', revision: '8a0099a', time: '2017-11-06T21:07:36.161Z'
System info: host: 'LK-KAM', ip: '10.173.108.29', os.name: 'Windows 10', os.arch: 'amd64', os.version: '10.0', java.version: '1.8.0_102'
Driver info: com.kms.katalon.core.webui.driver.ExistingRemoteWebDriver
Capabilities {javascriptEnabled: true, platform: ANY, platformName: ANY}
Session ID: a37b25585fd1a25fefda0d27c236d766)
[[ATTACHMENT|C:\\Users\\kam\\Katalon Studio\\WebAutomation\\Reports\\ts1\\20180526_003126\\1527274889870.png]]]]></system-out>
         <system-err><![CDATA[2018-05-26 00:31:27 - [TEST_CASE][FAILED] - Test Cases/GoogleSearch: Test Cases/GoogleSearch FAILED because (of) Unable to click on object 'Object Repository/Search Button' (Root cause: org.openqa.selenium.WebDriverException: unknown error: Element <input value="Google Search" aria-label="Google Search" name="btnK" type="submit" jsaction="sf.chk"> is not clickable at point (441, 411). Other element would receive the click: <b>...</b>
  (Session info: chrome=66.0.3359.181)
  (Driver info: chromedriver=2.38.551601 (edb21f07fc70e9027c746edd3201443e011a61ed),platform=Windows NT 10.0.16299 x86_64) (WARNING: The server did not provide any stacktrace information)
Command duration or timeout: 0 milliseconds
Build info: version: '3.7.1', revision: '8a0099a', time: '2017-11-06T21:07:36.161Z'
System info: host: 'LK-KAM', ip: '10.173.108.29', os.name: 'Windows 10', os.arch: 'amd64', os.version: '10.0', java.version: '1.8.0_102'
Driver info: com.kms.katalon.core.webui.driver.ExistingRemoteWebDriver
Capabilities {javascriptEnabled: true, platform: ANY, platformName: ANY}
Session ID: a37b25585fd1a25fefda0d27c236d766)]]></system-err>
      </testcase>
      <system-out><![CDATA[2018-05-26 00:31:27 - [TEST_SUITE][FAILED] - ts1: Test Cases/GoogleSearch FAILED because (of) Unable to click on object 'Object Repository/Search Button' (Root cause: org.openqa.selenium.WebDriverException: unknown error: Element <input value="Google Search" aria-label="Google Search" name="btnK" type="submit" jsaction="sf.chk"> is not clickable at point (441, 411). Other element would receive the click: <b>...</b>
  (Session info: chrome=66.0.3359.181)
  (Driver info: chromedriver=2.38.551601 (edb21f07fc70e9027c746edd3201443e011a61ed),platform=Windows NT 10.0.16299 x86_64) (WARNING: The server did not provide any stacktrace information)
Command duration or timeout: 0 milliseconds
Build info: version: '3.7.1', revision: '8a0099a', time: '2017-11-06T21:07:36.161Z'
System info: host: 'LK-KAM', ip: '10.173.108.29', os.name: 'Windows 10', os.arch: 'amd64', os.version: '10.0', java.version: '1.8.0_102'
Driver info: com.kms.katalon.core.webui.driver.ExistingRemoteWebDriver
Capabilities {javascriptEnabled: true, platform: ANY, platformName: ANY}
Session ID: a37b25585fd1a25fefda0d27c236d766)]]></system-out>
      <system-err><![CDATA[2018-05-26 00:31:27 - [TEST_SUITE][FAILED] - ts1: Test Cases/GoogleSearch FAILED because (of) Unable to click on object 'Object Repository/Search Button' (Root cause: org.openqa.selenium.WebDriverException: unknown error: Element <input value="Google Search" aria-label="Google Search" name="btnK" type="submit" jsaction="sf.chk"> is not clickable at point (441, 411). Other element would receive the click: <b>...</b>
  (Session info: chrome=66.0.3359.181)
  (Driver info: chromedriver=2.38.551601 (edb21f07fc70e9027c746edd3201443e011a61ed),platform=Windows NT 10.0.16299 x86_64) (WARNING: The server did not provide any stacktrace information)
Command duration or timeout: 0 milliseconds
Build info: version: '3.7.1', revision: '8a0099a', time: '2017-11-06T21:07:36.161Z'
System info: host: 'LK-KAM', ip: '10.173.108.29', os.name: 'Windows 10', os.arch: 'amd64', os.version: '10.0', java.version: '1.8.0_102'
Driver info: com.kms.katalon.core.webui.driver.ExistingRemoteWebDriver
Capabilities {javascriptEnabled: true, platform: ANY, platformName: ANY}
Session ID: a37b25585fd1a25fefda0d27c236d766)]]></system-err>
   </testsuite>
</testsuites>
